cab_rider/build/app/intermediates/manifest_merge_blame_file/debug/manifest-merger-blame-debug-report.txt
1<?xml version="1.0" encoding="utf-8"?>
2<manifest xmlns:android="http://schemas.android.com/apk/res/android"
3    package="com.example.cab_rider"
4    android:versionCode="1"
5    android:versionName="1.0.0" >
6
7    <uses-sdk
8        android:minSdkVersion="16"
9        android:targetSdkVersion="29" />
10    <!--
11         Flutter needs it to communicate with the running application
12         to allow setting breakpoints, to provide hot reload, etc.
13    -->
14    <uses-permission android:name="android.permission.INTERNET" />
14-->src\main\AndroidManifest.xml:10:5-67
14-->src\main\AndroidManifest.xml:10:22-64
15    <!--
16     io.flutter.app.FlutterApplication is an android.app.Application that
17         calls FlutterMain.startInitialization(this); in its onCreate method.
18         In most cases you can leave this as-is, but you if you want to provide
19         additional functionality it is fine to subclass or reimplement
20         FlutterApplication and put your custom class here.
21    -->
22    <uses-permission android:name="android.permission.ACCESS_FINE_LOCATION" />
22-->src\main\AndroidManifest.xml:8:5-79
22-->src\main\AndroidManifest.xml:8:22-76
23    <uses-permission android:name="android.permission.ACCESS_COARSE_LOCATION" />
23-->src\main\AndroidManifest.xml:9:5-81
23-->src\main\AndroidManifest.xml:9:22-78
24    <uses-permission android:name="android.permission.FOREGROUND_SERVICE" />
24-->[:assets_audio_player] AndroidManifest.xml:7:5-77
24-->[:assets_audio_player] AndroidManifest.xml:7:22-74
25    <uses-permission android:name="android.permission.VIBRATE" />
25-->[:assets_audio_player] AndroidManifest.xml:8:5-66
25-->[:assets_audio_player] AndroidManifest.xml:8:22-63
26    <uses-permission android:name="android.permission.WAKE_LOCK" />
26-->[:assets_audio_player] AndroidManifest.xml:9:5-68
26-->[:assets_audio_player] AndroidManifest.xml:9:22-65
27    <uses-permission android:name="android.permission.ACCESS_NETWORK_STATE" />
27-->[:connectivity] AndroidManifest.xml:7:5-79
27-->[:connectivity] AndroidManifest.xml:7:22-76
28
29    <uses-feature
29-->[com.google.android.gms:play-services-maps:17.0.0] AndroidManifest.xml:26:5-28:35
30        android:glEsVersion="0x00020000"
30-->[com.google.android.gms:play-services-maps:17.0.0] AndroidManifest.xml:27:9-41
31        android:required="true" />
31-->[com.google.android.gms:play-services-maps:17.0.0] AndroidManifest.xml:28:9-32
32
33    <uses-permission android:name="com.google.android.finsky.permission.BIND_GET_INSTALL_REFERRER_SERVICE" />
33-->[com.google.android.gms:play-services-measurement:17.6.0] AndroidManifest.xml:26:5-110
33-->[com.google.android.gms:play-services-measurement:17.6.0] AndroidManifest.xml:26:22-107
34
35    <application
35-->src\main\AndroidManifest.xml:12:5-53:19
36        android:name="io.flutter.app.FlutterApplication"
36-->src\main\AndroidManifest.xml:13:9-57
37        android:appComponentFactory="androidx.core.app.CoreComponentFactory"
37-->[androidx.core:core:1.1.0] AndroidManifest.xml:24:18-86
38        android:debuggable="true"
39        android:icon="@mipmap/ic_launcher"
39-->src\main\AndroidManifest.xml:15:9-43
40        android:label="cab_rider" >
40-->src\main\AndroidManifest.xml:14:9-34
41        <activity
41-->src\main\AndroidManifest.xml:16:9-44:20
42            android:name="com.example.cab_rider.MainActivity"
42-->src\main\AndroidManifest.xml:17:13-41
43            android:configChanges="orientation|keyboardHidden|keyboard|screenSize|smallestScreenSize|locale|layoutDirection|fontScale|screenLayout|density|uiMode"
43-->src\main\AndroidManifest.xml:20:13-163
44            android:hardwareAccelerated="true"
44-->src\main\AndroidManifest.xml:21:13-47
45            android:launchMode="singleTop"
45-->src\main\AndroidManifest.xml:18:13-43
46            android:theme="@style/LaunchTheme"
46-->src\main\AndroidManifest.xml:19:13-47
47            android:windowSoftInputMode="adjustResize" >
47-->src\main\AndroidManifest.xml:22:13-55
48
49            <!--
50                 Specifies an Android theme to apply to this Activity as soon as
51                 the Android process has started. This theme is visible to the user
52                 while the Flutter UI initializes. After that, this theme continues
53                 to determine the Window background behind the Flutter UI.
54            -->
55            <meta-data
55-->src\main\AndroidManifest.xml:27:13-30:17
56                android:name="io.flutter.embedding.android.NormalTheme"
56-->src\main\AndroidManifest.xml:28:15-70
57                android:resource="@style/NormalTheme" />
57-->src\main\AndroidManifest.xml:29:15-52
58            <!--
59                 Displays an Android View that continues showing the launch screen
60                 Drawable until Flutter paints its first frame, then this splash
61                 screen fades out. A splash screen is useful to avoid any visual
62                 gap between the end of Android's launch screen and the painting of
63                 Flutter's first frame.
64            -->
65            <meta-data
65-->src\main\AndroidManifest.xml:36:13-39:17
66                android:name="io.flutter.embedding.android.SplashScreenDrawable"
66-->src\main\AndroidManifest.xml:37:15-79
67                android:resource="@drawable/launch_background" />
67-->src\main\AndroidManifest.xml:38:15-61
68
69            <intent-filter>
69-->src\main\AndroidManifest.xml:40:13-43:29
70                <action android:name="android.intent.action.MAIN" />
70-->src\main\AndroidManifest.xml:41:17-68
70-->src\main\AndroidManifest.xml:41:25-66
71
72                <category android:name="android.intent.category.LAUNCHER" />
72-->src\main\AndroidManifest.xml:42:17-76
72-->src\main\AndroidManifest.xml:42:27-74
73            </intent-filter>
74        </activity>
75        <!--
76             Don't delete the meta-data below.
77             This is used by the Flutter tool to generate GeneratedPluginRegistrant.java
78        -->
79        <meta-data
79-->src\main\AndroidManifest.xml:47:9-49:33
80            android:name="flutterEmbedding"
80-->src\main\AndroidManifest.xml:48:13-44
81            android:value="2" />
81-->src\main\AndroidManifest.xml:49:13-30
82        <meta-data
82-->src\main\AndroidManifest.xml:51:9-52:70
83            android:name="com.google.android.geo.API_KEY"
83-->src\main\AndroidManifest.xml:51:20-65
84            android:value="AIzaSyAlQtqNSTnd-r7fg0PJpccZ2FFWLckeoUQ" />
84-->src\main\AndroidManifest.xml:52:13-68
85
86        <receiver android:name="com.github.florent37.assets_audio_player.notification.NotificationActionReceiver" />
86-->[:assets_audio_player] AndroidManifest.xml:12:9-117
86-->[:assets_audio_player] AndroidManifest.xml:12:19-114
87        <receiver android:name="androidx.media.session.MediaButtonReceiver" >
87-->[:assets_audio_player] AndroidManifest.xml:13:9-17:20
87-->[:assets_audio_player] AndroidManifest.xml:13:19-76
88            <intent-filter>
88-->[:assets_audio_player] AndroidManifest.xml:14:13-16:29
89                <action android:name="android.intent.action.MEDIA_BUTTON" />
89-->[:assets_audio_player] AndroidManifest.xml:15:17-77
89-->[:assets_audio_player] AndroidManifest.xml:15:25-74
90            </intent-filter>
91        </receiver>
92
93        <service
93-->[:assets_audio_player] AndroidManifest.xml:19:9-29:19
94            android:name="com.github.florent37.assets_audio_player.notification.NotificationService"
94-->[:assets_audio_player] AndroidManifest.xml:20:13-101
95            android:enabled="true"
95-->[:assets_audio_player] AndroidManifest.xml:21:13-35
96            android:exported="true" >
96-->[:assets_audio_player] AndroidManifest.xml:22:13-36
97
98            <!--
99            <intent-filter>
100                <action android:name="android.intent.action.MEDIA_BUTTON" />
101            </intent-filter>
102            -->
103        </service>
104        <service
104-->[:firebase_database] AndroidManifest.xml:8:9-12:19
105            android:name="com.google.firebase.components.ComponentDiscoveryService"
105-->[:firebase_database] AndroidManifest.xml:8:18-89
106            android:directBootAware="true"
106-->[com.google.firebase:firebase-common:19.3.1] AndroidManifest.xml:35:13-43
107            android:exported="false" >
107-->[com.google.firebase:firebase-auth:19.4.0] AndroidManifest.xml:35:13-37
108            <meta-data
108-->[:firebase_database] AndroidManifest.xml:9:13-11:85
109                android:name="com.google.firebase.components:io.flutter.plugins.firebase.database.FlutterFirebaseAppRegistrar"
109-->[:firebase_database] AndroidManifest.xml:10:17-127
110                android:value="com.google.firebase.components.ComponentRegistrar" />
110-->[:firebase_database] AndroidManifest.xml:11:17-82
111            <meta-data
111-->[:firebase_auth] AndroidManifest.xml:9:13-11:85
112                android:name="com.google.firebase.components:io.flutter.plugins.firebase.auth.FlutterFirebaseAuthRegistrar"
112-->[:firebase_auth] AndroidManifest.xml:10:17-124
113                android:value="com.google.firebase.components.ComponentRegistrar" />
113-->[:firebase_auth] AndroidManifest.xml:11:17-82
114            <meta-data
114-->[:firebase_core] AndroidManifest.xml:9:13-11:85
115                android:name="com.google.firebase.components:io.flutter.plugins.firebase.core.FlutterFirebaseCoreRegistrar"
115-->[:firebase_core] AndroidManifest.xml:10:17-124
116                android:value="com.google.firebase.components.ComponentRegistrar" />
116-->[:firebase_core] AndroidManifest.xml:11:17-82
117            <meta-data
117-->[com.google.firebase:firebase-auth:19.4.0] AndroidManifest.xml:36:13-38:85
118                android:name="com.google.firebase.components:com.google.firebase.auth.FirebaseAuthRegistrar"
118-->[com.google.firebase:firebase-auth:19.4.0] AndroidManifest.xml:37:17-109
119                android:value="com.google.firebase.components.ComponentRegistrar" />
119-->[com.google.firebase:firebase-auth:19.4.0] AndroidManifest.xml:38:17-82
120            <meta-data
120-->[com.google.firebase:firebase-database:19.5.0] AndroidManifest.xml:32:13-34:85
121                android:name="com.google.firebase.components:com.google.firebase.database.DatabaseRegistrar"
121-->[com.google.firebase:firebase-database:19.5.0] AndroidManifest.xml:33:17-109
122                android:value="com.google.firebase.components.ComponentRegistrar" />
122-->[com.google.firebase:firebase-database:19.5.0] AndroidManifest.xml:34:17-82
123            <meta-data
123-->[com.google.android.gms:play-services-measurement-api:17.6.0] AndroidManifest.xml:30:13-32:85
124                android:name="com.google.firebase.components:com.google.firebase.analytics.connector.internal.AnalyticsConnectorRegistrar"
124-->[com.google.android.gms:play-services-measurement-api:17.6.0] AndroidManifest.xml:31:17-139
125                android:value="com.google.firebase.components.ComponentRegistrar" />
125-->[com.google.android.gms:play-services-measurement-api:17.6.0] AndroidManifest.xml:32:17-82
126            <meta-data
126-->[com.google.firebase:firebase-installations:16.3.2] AndroidManifest.xml:17:13-19:85
127                android:name="com.google.firebase.components:com.google.firebase.installations.FirebaseInstallationsRegistrar"
127-->[com.google.firebase:firebase-installations:16.3.2] AndroidManifest.xml:18:17-127
128                android:value="com.google.firebase.components.ComponentRegistrar" />
128-->[com.google.firebase:firebase-installations:16.3.2] AndroidManifest.xml:19:17-82
129        </service> <!-- Needs to be explicitly declared on P+ -->
130        <uses-library
130-->[com.google.android.gms:play-services-maps:17.0.0] AndroidManifest.xml:33:9-35:40
131            android:name="org.apache.http.legacy"
131-->[com.google.android.gms:play-services-maps:17.0.0] AndroidManifest.xml:34:13-50
132            android:required="false" />
132-->[com.google.android.gms:play-services-maps:17.0.0] AndroidManifest.xml:35:13-37
133
134        <activity
134-->[com.google.firebase:firebase-auth:19.4.0] AndroidManifest.xml:24:9-31:50
135            android:name="com.google.firebase.auth.internal.FederatedSignInActivity"
135-->[com.google.firebase:firebase-auth:19.4.0] AndroidManifest.xml:25:13-85
136            android:excludeFromRecents="true"
136-->[com.google.firebase:firebase-auth:19.4.0] AndroidManifest.xml:26:13-46
137            android:exported="true"
137-->[com.google.firebase:firebase-auth:19.4.0] AndroidManifest.xml:27:13-36
138            android:launchMode="singleTask"
138-->[com.google.firebase:firebase-auth:19.4.0] AndroidManifest.xml:28:13-44
139            android:permission="com.google.firebase.auth.api.gms.permission.LAUNCH_FEDERATED_SIGN_IN"
139-->[com.google.firebase:firebase-auth:19.4.0] AndroidManifest.xml:29:13-102
140            android:theme="@android:style/Theme.Translucent.NoTitleBar" />
140-->[com.google.firebase:firebase-auth:19.4.0] AndroidManifest.xml:30:13-72
141        <activity
141-->[com.google.android.gms:play-services-base:17.1.0] AndroidManifest.xml:23:9-26:75
142            android:name="com.google.android.gms.common.api.GoogleApiActivity"
142-->[com.google.android.gms:play-services-base:17.1.0] AndroidManifest.xml:24:13-79
143            android:exported="false"
143-->[com.google.android.gms:play-services-base:17.1.0] AndroidManifest.xml:25:13-37
144            android:theme="@android:style/Theme.Translucent.NoTitleBar" />
144-->[com.google.android.gms:play-services-base:17.1.0] AndroidManifest.xml:26:13-72
145
146        <provider
146-->[com.google.firebase:firebase-common:19.3.1] AndroidManifest.xml:26:9-31:39
147            android:name="com.google.firebase.provider.FirebaseInitProvider"
147-->[com.google.firebase:firebase-common:19.3.1] AndroidManifest.xml:27:13-77
148            android:authorities="com.example.cab_rider.firebaseinitprovider"
148-->[com.google.firebase:firebase-common:19.3.1] AndroidManifest.xml:28:13-72
149            android:directBootAware="true"
149-->[com.google.firebase:firebase-common:19.3.1] AndroidManifest.xml:29:13-43
150            android:exported="false"
150-->[com.google.firebase:firebase-common:19.3.1] AndroidManifest.xml:30:13-37
151            android:initOrder="100" />
151-->[com.google.firebase:firebase-common:19.3.1] AndroidManifest.xml:31:13-36
152
153        <receiver
153-->[com.google.android.gms:play-services-measurement:17.6.0] AndroidManifest.xml:29:9-33:20
154            android:name="com.google.android.gms.measurement.AppMeasurementReceiver"
154-->[com.google.android.gms:play-services-measurement:17.6.0] AndroidManifest.xml:30:13-85
155            android:enabled="true"
155-->[com.google.android.gms:play-services-measurement:17.6.0] AndroidManifest.xml:31:13-35
156            android:exported="false" >
156-->[com.google.android.gms:play-services-measurement:17.6.0] AndroidManifest.xml:32:13-37
157        </receiver>
158
159        <service
159-->[com.google.android.gms:play-services-measurement:17.6.0] AndroidManifest.xml:35:9-38:40
160            android:name="com.google.android.gms.measurement.AppMeasurementService"
160-->[com.google.android.gms:play-services-measurement:17.6.0] AndroidManifest.xml:36:13-84
161            android:enabled="true"
161-->[com.google.android.gms:play-services-measurement:17.6.0] AndroidManifest.xml:37:13-35
162            android:exported="false" />
162-->[com.google.android.gms:play-services-measurement:17.6.0] AndroidManifest.xml:38:13-37
163        <service
163-->[com.google.android.gms:play-services-measurement:17.6.0] AndroidManifest.xml:39:9-43:72
164            android:name="com.google.android.gms.measurement.AppMeasurementJobService"
164-->[com.google.android.gms:play-services-measurement:17.6.0] AndroidManifest.xml:40:13-87
165            android:enabled="true"
165-->[com.google.android.gms:play-services-measurement:17.6.0] AndroidManifest.xml:41:13-35
166            android:exported="false"
166-->[com.google.android.gms:play-services-measurement:17.6.0] AndroidManifest.xml:42:13-37
167            android:permission="android.permission.BIND_JOB_SERVICE" />
167-->[com.google.android.gms:play-services-measurement:17.6.0] AndroidManifest.xml:43:13-69
168
169        <meta-data
169-->[com.google.android.gms:play-services-basement:17.0.0] AndroidManifest.xml:23:9-25:69
170            android:name="com.google.android.gms.version"
170-->[com.google.android.gms:play-services-basement:17.0.0] AndroidManifest.xml:24:13-58
171            android:value="@integer/google_play_services_version" />
171-->[com.google.android.gms:play-services-basement:17.0.0] AndroidManifest.xml:25:13-66
172    </application>
173
174</manifest>